<?xml version="1.0" encoding="UTF-8"?>
<testng-results ignored="0" total="1" passed="1" failed="0" skipped="0">
  <reporter-output>
  </reporter-output>
  <suite started-at="2023-02-17T18:51:29 IST" name="Default suite" finished-at="2023-02-17T18:52:37 IST" duration-ms="67402">
    <groups>
    </groups>
    <test started-at="2023-02-17T18:51:29 IST" name="Default test" finished-at="2023-02-17T18:52:37 IST" duration-ms="67402">
      <class name="com.retrans.test.RetransTest">
        <test-method is-config="true" signature="beforeTest()[pri:0, instance:com.retrans.test.RetransTest@4248ed58]" started-at="2023-02-17T18:51:29 IST" name="beforeTest" finished-at="2023-02-17T18:51:46 IST" duration-ms="16922" status="PASS">
          <reporter-output>
          </reporter-output>
        </test-method> <!-- beforeTest -->
        <test-method signature="closeInactiveQuery()[pri:0, instance:com.retrans.test.RetransTest@4248ed58]" started-at="2023-02-17T18:51:46 IST" name="closeInactiveQuery" finished-at="2023-02-17T18:52:32 IST" duration-ms="45713" status="PASS">
          <reporter-output>
          </reporter-output>
        </test-method> <!-- closeInactiveQuery -->
        <test-method is-config="true" signature="afterTest()[pri:0, instance:com.retrans.test.RetransTest@4248ed58]" started-at="2023-02-17T18:52:32 IST" name="afterTest" finished-at="2023-02-17T18:52:37 IST" duration-ms="4645" status="PASS">
          <reporter-output>
          </reporter-output>
        </test-method> <!-- afterTest -->
      </class> <!-- com.retrans.test.RetransTest -->
    </test> <!-- Default test -->
  </suite> <!-- Default suite -->
</testng-results>
